<?xml version="1.0" encoding="UTF-8"?>
<!-- Generated by org.testng.reporters.JUnitXMLReporter -->
<testsuite hostname="DESKTOP-KQN3F0G" ignored="0" name="Default test" tests="63" failures="1" timestamp="04 Mar 2019 12:29:35 GMT" time="152.238" errors="0">
  <testcase name="addStaffs_01" time="1.244" classname="testSelenium.testStaffs"/>
  <testcase name="addStaffs_02" time="1.169" classname="testSelenium.testStaffs"/>
  <testcase name="addStaffs_03" time="1.165" classname="testSelenium.testStaffs"/>
  <testcase name="addStaffs_04" time="1.229" classname="testSelenium.testStaffs"/>
  <testcase name="addStaffs_05" time="1.191" classname="testSelenium.testStaffs"/>
  <testcase name="addStaffs_06" time="1.316" classname="testSelenium.testStaffs"/>
  <testcase name="addStaffs_07" time="1.352" classname="testSelenium.testStaffs"/>
  <testcase name="addStaffs_08" time="1.401" classname="testSelenium.testStaffs"/>
  <testcase name="addStaffs_09" time="1.438" classname="testSelenium.testStaffs"/>
  <testcase name="addStaffs_10" time="1.462" classname="testSelenium.testStaffs"/>
  <testcase name="addStaffs_11" time="1.757" classname="testSelenium.testStaffs"/>
  <testcase name="addStaffs_12" time="1.725" classname="testSelenium.testStaffs"/>
  <testcase name="addStaffs_13" time="1.533" classname="testSelenium.testStaffs"/>
  <testcase name="addStaffs_14" time="1.262" classname="testSelenium.testStaffs"/>
  <testcase name="addStaffs_15" time="1.508" classname="testSelenium.testStaffs"/>
  <testcase name="addStaffs_16" time="1.523" classname="testSelenium.testStaffs"/>
  <testcase name="addStaffs_17" time="1.46" classname="testSelenium.testStaffs"/>
  <testcase name="addStaffs_18" time="1.45" classname="testSelenium.testStaffs">
    <failure type="java.lang.AssertionError" message="expected [Please select a file.] but found []">
      <![CDATA[java.lang.AssertionError: expected [Please select a file.] but found []
at org.testng.Assert.fail(Assert.java:96)
at org.testng.Assert.failNotEquals(Assert.java:776)
at org.testng.Assert.assertEqualsImpl(Assert.java:137)
at org.testng.Assert.assertEquals(Assert.java:118)
at org.testng.Assert.assertEquals(Assert.java:453)
at org.testng.Assert.assertEquals(Assert.java:463)
at testSelenium.testStaffs.addStaffs_18(testStaffs.java:402)
at sun.reflect.NativeMethodAccessorImpl.invoke0(Native Method)
at sun.reflect.NativeMethodAccessorImpl.invoke(Unknown Source)
at sun.reflect.DelegatingMethodAccessorImpl.invoke(Unknown Source)
at java.lang.reflect.Method.invoke(Unknown Source)
at org.testng.internal.MethodInvocationHelper.invokeMethod(MethodInvocationHelper.java:124)
at org.testng.internal.MethodInvocationHelper$1.runTestMethod(MethodInvocationHelper.java:230)
at org.springframework.test.context.testng.AbstractTestNGSpringContextTests.run(AbstractTestNGSpringContextTests.java:172)
at org.testng.internal.MethodInvocationHelper.invokeHookable(MethodInvocationHelper.java:242)
at org.testng.internal.Invoker.invokeMethod(Invoker.java:576)
at org.testng.internal.Invoker.invokeTestMethod(Invoker.java:716)
at org.testng.internal.Invoker.invokeTestMethods(Invoker.java:988)
at org.testng.internal.TestMethodWorker.invokeTestMethods(TestMethodWorker.java:125)
at org.testng.internal.TestMethodWorker.run(TestMethodWorker.java:109)
at org.testng.TestRunner.privateRun(TestRunner.java:648)
at org.testng.TestRunner.run(TestRunner.java:505)
at org.testng.SuiteRunner.runTest(SuiteRunner.java:455)
at org.testng.SuiteRunner.runSequentially(SuiteRunner.java:450)
at org.testng.SuiteRunner.privateRun(SuiteRunner.java:415)
at org.testng.SuiteRunner.run(SuiteRunner.java:364)
at org.testng.SuiteRunnerWorker.runSuite(SuiteRunnerWorker.java:52)
at org.testng.SuiteRunnerWorker.run(SuiteRunnerWorker.java:84)
at org.testng.TestNG.runSuitesSequentially(TestNG.java:1208)
at org.testng.TestNG.runSuitesLocally(TestNG.java:1137)
at org.testng.TestNG.runSuites(TestNG.java:1049)
at org.testng.TestNG.run(TestNG.java:1017)
at org.testng.remote.AbstractRemoteTestNG.run(AbstractRemoteTestNG.java:114)
at org.testng.remote.RemoteTestNG.initAndRun(RemoteTestNG.java:251)
at org.testng.remote.RemoteTestNG.main(RemoteTestNG.java:77)
]]>
    </failure>
  </testcase> <!-- addStaffs_18 -->
  <testcase name="addStaffs_19" time="1.54" classname="testSelenium.testStaffs"/>
  <testcase name="addStaffs_20" time="1.724" classname="testSelenium.testStaffs"/>
  <testcase name="addStaffs_21" time="1.505" classname="testSelenium.testStaffs"/>
  <testcase name="addStaffs_22" time="1.566" classname="testSelenium.testStaffs"/>
  <testcase name="addStaffs_23" time="1.433" classname="testSelenium.testStaffs"/>
  <testcase name="addStaffs_24" time="1.8" classname="testSelenium.testStaffs"/>
  <testcase name="addStaffs_25" time="1.963" classname="testSelenium.testStaffs"/>
  <testcase name="addStaffs_26" time="1.93" classname="testSelenium.testStaffs"/>
  <testcase name="addStaffs_27" time="1.882" classname="testSelenium.testStaffs"/>
  <testcase name="addStaffs_28" time="1.668" classname="testSelenium.testStaffs"/>
  <testcase name="addStaffs_29" time="1.741" classname="testSelenium.testStaffs"/>
  <testcase name="addStaffs_30" time="1.594" classname="testSelenium.testStaffs"/>
  <testcase name="addStaffs_31" time="1.93" classname="testSelenium.testStaffs"/>
  <testcase name="addStaffs_32" time="1.559" classname="testSelenium.testStaffs"/>
  <testcase name="addStaffs_33" time="2.031" classname="testSelenium.testStaffs"/>
  <testcase name="addStaffs_34" time="2.024" classname="testSelenium.testStaffs"/>
  <testcase name="addStaffs_35" time="1.678" classname="testSelenium.testStaffs"/>
  <testcase name="addStaffs_36" time="1.673" classname="testSelenium.testStaffs"/>
  <testcase name="addStaffs_37" time="1.857" classname="testSelenium.testStaffs"/>
  <testcase name="addStaffs_38" time="1.848" classname="testSelenium.testStaffs"/>
  <testcase name="addStaffs_39" time="2.068" classname="testSelenium.testStaffs"/>
  <testcase name="addStaffs_40" time="2.102" classname="testSelenium.testStaffs"/>
  <testcase name="addStaffs_41" time="2.21" classname="testSelenium.testStaffs"/>
  <testcase name="addStaffs_42" time="1.717" classname="testSelenium.testStaffs"/>
  <testcase name="addStaffs_43" time="1.909" classname="testSelenium.testStaffs"/>
  <testcase name="addStaffs_44" time="2.135" classname="testSelenium.testStaffs"/>
  <testcase name="addStaffs_45" time="2.148" classname="testSelenium.testStaffs"/>
  <testcase name="addStaffs_46" time="3.969" classname="testSelenium.testStaffs"/>
  <testcase name="addStaffs_47" time="2.858" classname="testSelenium.testStaffs"/>
  <testcase name="addStaffs_48" time="2.955" classname="testSelenium.testStaffs"/>
  <testcase name="addStaffs_49" time="3.304" classname="testSelenium.testStaffs"/>
  <testcase name="addStaffs_50" time="3.555" classname="testSelenium.testStaffs"/>
  <testcase name="addDeparts_01" time="1.29" classname="testSelenium.testDeparts"/>
  <testcase name="addDeparts_02" time="1.266" classname="testSelenium.testDeparts"/>
  <testcase name="addDeparts_03" time="1.2" classname="testSelenium.testDeparts"/>
  <testcase name="addDeparts_04" time="1.249" classname="testSelenium.testDeparts"/>
  <testcase name="addDeparts_05" time="1.236" classname="testSelenium.testDeparts"/>
  <testcase name="addDeparts_06" time="1.337" classname="testSelenium.testDeparts"/>
  <testcase name="addDeparts_07" time="1.4" classname="testSelenium.testDeparts"/>
  <testcase name="addDeparts_08" time="1.405" classname="testSelenium.testDeparts"/>
  <testcase name="addDeparts_09" time="2.45" classname="testSelenium.testDeparts"/>
  <testcase name="addDeparts_10" time="1.937" classname="testSelenium.testDeparts"/>
  <testcase name="addDeparts_11" time="1.95" classname="testSelenium.testDeparts"/>
  <testcase name="addDeparts_12" time="1.861" classname="testSelenium.testDeparts"/>
  <testcase name="addDeparts_13" time="2.165" classname="testSelenium.testDeparts"/>
</testsuite> <!-- Default test -->
