<?xml version="1.0" encoding="UTF-8"?>
<!-- Generated by org.testng.reporters.JUnitReportReporter -->
<testsuite skipped="0" hostname="DESKTOP-KQN3F0G" name="testSelenium.testStaffs" tests="50" failures="1" timestamp="04 Mar 2019 12:29:36 GMT" time="106.626" errors="0">
  <testcase name="addStaffs_01" time="1.526" classname="testSelenium.testStaffs"/>
  <testcase name="addStaffs_02" time="1.502" classname="testSelenium.testStaffs"/>
  <testcase name="addStaffs_03" time="1.462" classname="testSelenium.testStaffs"/>
  <testcase name="addStaffs_04" time="1.537" classname="testSelenium.testStaffs"/>
  <testcase name="addStaffs_05" time="1.497" classname="testSelenium.testStaffs"/>
  <testcase name="addStaffs_06" time="1.592" classname="testSelenium.testStaffs"/>
  <testcase name="addStaffs_07" time="1.556" classname="testSelenium.testStaffs"/>
  <testcase name="addStaffs_08" time="1.735" classname="testSelenium.testStaffs"/>
  <testcase name="addStaffs_09" time="1.720" classname="testSelenium.testStaffs"/>
  <testcase name="addStaffs_10" time="1.682" classname="testSelenium.testStaffs"/>
  <testcase name="addStaffs_11" time="2.104" classname="testSelenium.testStaffs"/>
  <testcase name="addStaffs_12" time="2.038" classname="testSelenium.testStaffs"/>
  <testcase name="addStaffs_13" time="1.835" classname="testSelenium.testStaffs"/>
  <testcase name="addStaffs_14" time="1.546" classname="testSelenium.testStaffs"/>
  <testcase name="addStaffs_15" time="1.859" classname="testSelenium.testStaffs"/>
  <testcase name="addStaffs_16" time="1.875" classname="testSelenium.testStaffs"/>
  <testcase name="addStaffs_17" time="1.743" classname="testSelenium.testStaffs"/>
  <testcase name="addStaffs_18" time="1.779" classname="testSelenium.testStaffs">
    <failure type="java.lang.AssertionError" message="expected [Please select a file.] but found []">
      <![CDATA[java.lang.AssertionError: expected [Please select a file.] but found []
at org.testng.Assert.fail(Assert.java:96)
at org.testng.Assert.failNotEquals(Assert.java:776)
at org.testng.Assert.assertEqualsImpl(Assert.java:137)
at org.testng.Assert.assertEquals(Assert.java:118)
at org.testng.Assert.assertEquals(Assert.java:453)
at org.testng.Assert.assertEquals(Assert.java:463)
at testSelenium.testStaffs.addStaffs_18(testStaffs.java:402)
at sun.reflect.NativeMethodAccessorImpl.invoke0(Native Method)
at sun.reflect.NativeMethodAccessorImpl.invoke(Unknown Source)
at sun.reflect.DelegatingMethodAccessorImpl.invoke(Unknown Source)
at java.lang.reflect.Method.invoke(Unknown Source)
at org.testng.internal.MethodInvocationHelper.invokeMethod(MethodInvocationHelper.java:124)
at org.testng.internal.MethodInvocationHelper$1.runTestMethod(MethodInvocationHelper.java:230)
at org.springframework.test.context.testng.AbstractTestNGSpringContextTests.run(AbstractTestNGSpringContextTests.java:172)
at org.testng.internal.MethodInvocationHelper.invokeHookable(MethodInvocationHelper.java:242)
at org.testng.internal.Invoker.invokeMethod(Invoker.java:576)
at org.testng.internal.Invoker.invokeTestMethod(Invoker.java:716)
at org.testng.internal.Invoker.invokeTestMethods(Invoker.java:988)
at org.testng.internal.TestMethodWorker.invokeTestMethods(TestMethodWorker.java:125)
at org.testng.internal.TestMethodWorker.run(TestMethodWorker.java:109)
at org.testng.TestRunner.privateRun(TestRunner.java:648)
at org.testng.TestRunner.run(TestRunner.java:505)
at org.testng.SuiteRunner.runTest(SuiteRunner.java:455)
at org.testng.SuiteRunner.runSequentially(SuiteRunner.java:450)
at org.testng.SuiteRunner.privateRun(SuiteRunner.java:415)
at org.testng.SuiteRunner.run(SuiteRunner.java:364)
at org.testng.SuiteRunnerWorker.runSuite(SuiteRunnerWorker.java:52)
at org.testng.SuiteRunnerWorker.run(SuiteRunnerWorker.java:84)
at org.testng.TestNG.runSuitesSequentially(TestNG.java:1208)
at org.testng.TestNG.runSuitesLocally(TestNG.java:1137)
at org.testng.TestNG.runSuites(TestNG.java:1049)
at org.testng.TestNG.run(TestNG.java:1017)
at org.testng.remote.AbstractRemoteTestNG.run(AbstractRemoteTestNG.java:114)
at org.testng.remote.RemoteTestNG.initAndRun(RemoteTestNG.java:251)
at org.testng.remote.RemoteTestNG.main(RemoteTestNG.java:77)
]]>
    </failure>
  </testcase> <!-- addStaffs_18 -->
  <testcase name="addStaffs_19" time="1.838" classname="testSelenium.testStaffs"/>
  <testcase name="addStaffs_20" time="1.983" classname="testSelenium.testStaffs"/>
  <testcase name="addStaffs_21" time="1.724" classname="testSelenium.testStaffs"/>
  <testcase name="addStaffs_22" time="1.981" classname="testSelenium.testStaffs"/>
  <testcase name="addStaffs_23" time="1.712" classname="testSelenium.testStaffs"/>
  <testcase name="addStaffs_24" time="2.070" classname="testSelenium.testStaffs"/>
  <testcase name="addStaffs_25" time="2.232" classname="testSelenium.testStaffs"/>
  <testcase name="addStaffs_26" time="2.276" classname="testSelenium.testStaffs"/>
  <testcase name="addStaffs_27" time="2.184" classname="testSelenium.testStaffs"/>
  <testcase name="addStaffs_28" time="1.966" classname="testSelenium.testStaffs"/>
  <testcase name="addStaffs_29" time="2.078" classname="testSelenium.testStaffs"/>
  <testcase name="addStaffs_30" time="1.849" classname="testSelenium.testStaffs"/>
  <testcase name="addStaffs_31" time="2.285" classname="testSelenium.testStaffs"/>
  <testcase name="addStaffs_32" time="1.882" classname="testSelenium.testStaffs"/>
  <testcase name="addStaffs_33" time="2.304" classname="testSelenium.testStaffs"/>
  <testcase name="addStaffs_34" time="2.481" classname="testSelenium.testStaffs"/>
  <testcase name="addStaffs_35" time="1.951" classname="testSelenium.testStaffs"/>
  <testcase name="addStaffs_36" time="1.972" classname="testSelenium.testStaffs"/>
  <testcase name="addStaffs_37" time="2.131" classname="testSelenium.testStaffs"/>
  <testcase name="addStaffs_38" time="2.116" classname="testSelenium.testStaffs"/>
  <testcase name="addStaffs_39" time="2.869" classname="testSelenium.testStaffs"/>
  <testcase name="addStaffs_40" time="2.522" classname="testSelenium.testStaffs"/>
  <testcase name="addStaffs_41" time="2.485" classname="testSelenium.testStaffs"/>
  <testcase name="addStaffs_42" time="2.013" classname="testSelenium.testStaffs"/>
  <testcase name="addStaffs_43" time="2.151" classname="testSelenium.testStaffs"/>
  <testcase name="addStaffs_44" time="2.421" classname="testSelenium.testStaffs"/>
  <testcase name="addStaffs_45" time="2.494" classname="testSelenium.testStaffs"/>
  <testcase name="addStaffs_46" time="4.304" classname="testSelenium.testStaffs"/>
  <testcase name="addStaffs_47" time="3.095" classname="testSelenium.testStaffs"/>
  <testcase name="addStaffs_48" time="3.245" classname="testSelenium.testStaffs"/>
  <testcase name="addStaffs_49" time="3.600" classname="testSelenium.testStaffs"/>
  <testcase name="addStaffs_50" time="3.824" classname="testSelenium.testStaffs"/>
</testsuite> <!-- testSelenium.testStaffs -->
